<?xml version="1.0" encoding="UTF-8"?>
<!-- Generated by org.testng.reporters.JUnitXMLReporter -->
<testsuite ignored="11" hostname="DESKTOP-LHQEHTF" failures="0" tests="3" name="SMOKE TEST" time="0.087" errors="0" timestamp="2022-12-30T12:44:41 IST">
  <testcase classname="grc_Module.Login" name="test01_checkHTTPError" time="0.055"/>
  <testcase classname="grc_Module.Login" name="test10_checkLogin" time="0.001"/>
  <testcase classname="grc_Module.Login" name="test11_checkHTTPErrorAfterLogin" time="0.0"/>
  <testcase classname="grc_Module.Login" name="test10_checkCreateAccountPasswordLessChar" time="0.0">
    <ignored/>
  </testcase> <!-- test10_checkCreateAccountPasswordLessChar -->
  <testcase classname="grc_Module.Login" name="test04_checkNullPassword" time="0.0">
    <ignored/>
  </testcase> <!-- test04_checkNullPassword -->
  <testcase classname="grc_Module.Login" name="test06_checkInvalidPassword" time="0.0">
    <ignored/>
  </testcase> <!-- test06_checkInvalidPassword -->
  <testcase classname="grc_Module.Login" name="test11_checkCreateAccountDifPassword" time="0.0">
    <ignored/>
  </testcase> <!-- test11_checkCreateAccountDifPassword -->
  <testcase classname="grc_Module.Login" name="test09_checkCreateAccountPasswordNull" time="0.0">
    <ignored/>
  </testcase> <!-- test09_checkCreateAccountPasswordNull -->
  <testcase classname="grc_Module.Login" name="test08_checkCreateAccountEmailInvalid" time="0.0">
    <ignored/>
  </testcase> <!-- test08_checkCreateAccountEmailInvalid -->
  <testcase classname="grc_Module.Login" name="test05_checkInvalidEmail" time="0.0">
    <ignored/>
  </testcase> <!-- test05_checkInvalidEmail -->
  <testcase classname="grc_Module.Login" name="test03_checkNullEmail" time="0.0">
    <ignored/>
  </testcase> <!-- test03_checkNullEmail -->
  <testcase classname="grc_Module.Login" name="test07_checkCreateAccountEmailNull" time="0.0">
    <ignored/>
  </testcase> <!-- test07_checkCreateAccountEmailNull -->
  <testcase classname="grc_Module.Login" name="test02_checkNullEMailPassword" time="0.0">
    <ignored/>
  </testcase> <!-- test02_checkNullEMailPassword -->
  <testcase classname="grc_Module.Login" name="test09_checkCreateAccount" time="0.0">
    <ignored/>
  </testcase> <!-- test09_checkCreateAccount -->
</testsuite> <!-- SMOKE TEST -->
