<?xml version="1.0" encoding="UTF-8"?>
<!-- Generated by org.testng.reporters.JUnitXMLReporter -->
<testsuite ignored="0" hostname="DESKTOP-LHQEHTF" failures="0" tests="14" name="Test" time="29.421" errors="0" timestamp="2022-12-30T12:41:37 IST">
  <testcase classname="grc_Module.Login" name="test01_checkHTTPError" time="0.577"/>
  <testcase classname="grc_Module.Login" name="test02_checkNullEMailPassword" time="0.187"/>
  <testcase classname="grc_Module.Login" name="test03_checkNullEmail" time="0.348"/>
  <testcase classname="grc_Module.Login" name="test04_checkNullPassword" time="0.361"/>
  <testcase classname="grc_Module.Login" name="test05_checkInvalidEmail" time="1.024"/>
  <testcase classname="grc_Module.Login" name="test06_checkInvalidPassword" time="0.452"/>
  <testcase classname="grc_Module.Login" name="test07_checkCreateAccountEmailNull" time="0.858"/>
  <testcase classname="grc_Module.Login" name="test08_checkCreateAccountEmailInvalid" time="0.41"/>
  <testcase classname="grc_Module.Login" name="test09_checkCreateAccount" time="4.742"/>
  <testcase classname="grc_Module.Login" name="test09_checkCreateAccountPasswordNull" time="1.039"/>
  <testcase classname="grc_Module.Login" name="test10_checkCreateAccountPasswordLessChar" time="9.937"/>
  <testcase classname="grc_Module.Login" name="test10_checkLogin" time="6.55"/>
  <testcase classname="grc_Module.Login" name="test11_checkCreateAccountDifPassword" time="0.082"/>
  <testcase classname="grc_Module.Login" name="test11_checkHTTPErrorAfterLogin" time="0.007"/>
</testsuite> <!-- Test -->
