<?xml version="1.0" encoding="UTF-8"?>
<!-- Generated by org.testng.reporters.JUnitXMLReporter -->
<testsuite ignored="0" hostname="DESKTOP-LHQEHTF" failures="0" tests="4" name="Default test" time="140.295" errors="0" timestamp="2022-12-21T11:31:28 IST">
  <testcase classname="grc_Module.Login" name="test01_checkHTTPError" time="5.015"/>
  <testcase classname="grc_Module.Login" name="test02_checkLogin" time="7.268"/>
  <testcase classname="grc_Module.Login" name="test03_checkHTTPErrorAfterLogin" time="37.108"/>
  <testcase classname="grc_Module.Login" name="test04_checkMenuClicks" time="87.289"/>
</testsuite> <!-- Default test -->
