<?xml version="1.0" encoding="UTF-8"?>
<!-- Generated by org.testng.reporters.JUnitXMLReporter -->
<testsuite ignored="0" hostname="DESKTOP-LHQEHTF" failures="0" tests="8" name="Default test" time="7.589" errors="0" timestamp="2022-12-26T08:31:11 IST">
  <testcase classname="grc_Module.Login" name="test01_checkHTTPError" time="0.623"/>
  <testcase classname="grc_Module.Login" name="test02_checkNullEMailPassword" time="0.188"/>
  <testcase classname="grc_Module.Login" name="test03_checkNullEmail" time="0.375"/>
  <testcase classname="grc_Module.Login" name="test04_checkNullPassword" time="0.407"/>
  <testcase classname="grc_Module.Login" name="test05_checkInvalidEmail" time="1.081"/>
  <testcase classname="grc_Module.Login" name="test06_checkInvalidPassword" time="0.472"/>
  <testcase classname="grc_Module.Login" name="test07_checkForgotEmailNull" time="0.512"/>
  <testcase classname="grc_Module.Login" name="test08_checkForgotInvalidEmail" time="0.975"/>
</testsuite> <!-- Default test -->
