<?xml version="1.0" encoding="UTF-8"?>
<testng-results ignored="0" total="1" passed="1" failed="0" skipped="0">
  <reporter-output>
    <line>
      <![CDATA[CHECKING NULL EMAIL AND PASSWORD<b> <font color='blue' font size = 4> ==> PASS</font></b>]]>
    </line>
  </reporter-output>
  <suite started-at="2022-12-01T17:07:22 IST" name="Default suite" finished-at="2022-12-01T17:07:27 IST" duration-ms="4413">
    <groups>
    </groups>
    <test started-at="2022-12-01T17:07:22 IST" name="Default test" finished-at="2022-12-01T17:07:27 IST" duration-ms="4413">
      <class name="grc_Module.Login">
        <test-method is-config="true" signature="openbrowser()[pri:0, instance:grc_Module.Login@5a56cdac]" started-at="2022-12-01T17:07:22 IST" name="openbrowser" finished-at="2022-12-01T17:07:24 IST" duration-ms="1899" status="PASS">
          <reporter-output>
          </reporter-output>
        </test-method> <!-- openbrowser -->
        <test-method is-config="true" signature="beforeMethod(java.lang.reflect.Method)[pri:0, instance:grc_Module.Login@5a56cdac]" started-at="2022-12-01T17:07:24 IST" name="beforeMethod" finished-at="2022-12-01T17:07:25 IST" duration-ms="789" status="PASS">
          <params>
            <param index="0">
              <value>
                <![CDATA[public void grc_Module.Login.test01_checkLogin() throws java.lang.Exception]]>
              </value>
            </param>
          </params>
          <reporter-output>
          </reporter-output>
        </test-method> <!-- beforeMethod -->
        <test-method signature="test01_checkLogin()[pri:1, instance:grc_Module.Login@5a56cdac]" started-at="2022-12-01T17:07:25 IST" name="test01_checkLogin" finished-at="2022-12-01T17:07:27 IST" duration-ms="1694" status="PASS">
          <reporter-output>
            <line>
              <![CDATA[CHECKING NULL EMAIL AND PASSWORD<b> <font color='blue' font size = 4> ==> PASS</font></b>]]>
            </line>
          </reporter-output>
        </test-method> <!-- test01_checkLogin -->
      </class> <!-- grc_Module.Login -->
    </test> <!-- Default test -->
  </suite> <!-- Default suite -->
</testng-results>
