<?xml version="1.0" encoding="UTF-8"?>
<testng-results ignored="0" total="2" passed="2" failed="0" skipped="0">
  <reporter-output>
    <line>
      <![CDATA[CHECKING LOGIN WITH VALID EMAIL AND VAILD PASSWORD<b> <font color='blue' font size = 4> ==> PASS</font></b>]]>
    </line>
    <line>
      <![CDATA[CHECKING ADD CASE NEW CLIENT EMAIL TEXT<b> <font color='blue' font size = 4> ==> PASS</font></b>]]>
    </line>
  </reporter-output>
  <suite started-at="2022-11-25T06:57:53 IST" name="Default suite" finished-at="2022-11-25T06:58:05 IST" duration-ms="11905">
    <groups>
      <group name="sanity">
        <method signature="AddCase.test0001_checkLogin()[pri:0, instance:libra_Module.AddCase@316bcf94]" name="test0001_checkLogin" class="libra_Module.AddCase"/>
        <method signature="AddCase.test18_checkAddCaseNewClientEmailText()[pri:0, instance:libra_Module.AddCase@316bcf94]" name="test18_checkAddCaseNewClientEmailText" class="libra_Module.AddCase"/>
      </group> <!-- sanity -->
    </groups>
    <test started-at="2022-11-25T06:57:53 IST" name="Default test" finished-at="2022-11-25T06:58:05 IST" duration-ms="11905">
      <class name="libra_Module.AddCase">
        <test-method is-config="true" signature="openbrowser()[pri:0, instance:libra_Module.AddCase@316bcf94]" started-at="2022-11-25T06:57:53 IST" name="openbrowser" finished-at="2022-11-25T06:57:55 IST" duration-ms="1957" status="PASS">
          <reporter-output>
          </reporter-output>
        </test-method> <!-- openbrowser -->
        <test-method is-config="true" signature="beforeMethod(java.lang.reflect.Method)[pri:0, instance:libra_Module.AddCase@316bcf94]" started-at="2022-11-25T06:57:55 IST" name="beforeMethod" finished-at="2022-11-25T06:57:57 IST" duration-ms="1330" status="PASS">
          <params>
            <param index="0">
              <value>
                <![CDATA[public void libra_Module.AddCase.test0001_checkLogin() throws java.lang.Exception]]>
              </value>
            </param>
          </params>
          <reporter-output>
          </reporter-output>
        </test-method> <!-- beforeMethod -->
        <test-method signature="test0001_checkLogin()[pri:0, instance:libra_Module.AddCase@316bcf94]" started-at="2022-11-25T06:57:57 IST" name="test0001_checkLogin" finished-at="2022-11-25T06:58:00 IST" duration-ms="3784" status="PASS">
          <reporter-output>
            <line>
              <![CDATA[CHECKING LOGIN WITH VALID EMAIL AND VAILD PASSWORD<b> <font color='blue' font size = 4> ==> PASS</font></b>]]>
            </line>
          </reporter-output>
        </test-method> <!-- test0001_checkLogin -->
        <test-method is-config="true" signature="beforeMethod(java.lang.reflect.Method)[pri:0, instance:libra_Module.AddCase@316bcf94]" started-at="2022-11-25T06:58:01 IST" name="beforeMethod" finished-at="2022-11-25T06:58:02 IST" duration-ms="1169" status="PASS">
          <params>
            <param index="0">
              <value>
                <![CDATA[public void libra_Module.AddCase.test18_checkAddCaseNewClientEmailText() throws java.lang.Exception]]>
              </value>
            </param>
          </params>
          <reporter-output>
          </reporter-output>
        </test-method> <!-- beforeMethod -->
        <test-method signature="test18_checkAddCaseNewClientEmailText()[pri:0, instance:libra_Module.AddCase@316bcf94]" started-at="2022-11-25T06:58:02 IST" name="test18_checkAddCaseNewClientEmailText" finished-at="2022-11-25T06:58:05 IST" duration-ms="3636" status="PASS">
          <reporter-output>
            <line>
              <![CDATA[CHECKING ADD CASE NEW CLIENT EMAIL TEXT<b> <font color='blue' font size = 4> ==> PASS</font></b>]]>
            </line>
          </reporter-output>
        </test-method> <!-- test18_checkAddCaseNewClientEmailText -->
      </class> <!-- libra_Module.AddCase -->
    </test> <!-- Default test -->
  </suite> <!-- Default suite -->
</testng-results>
