<?xml version="1.0" encoding="UTF-8"?>
<testng-results ignored="0" total="2" passed="1" failed="1" skipped="0">
  <reporter-output>
    <line>
      <![CDATA[CHECKING LOGIN WITH VALID EMAIL AND VAILD PASSWORD<b> <font color='blue' font size = 4> ==> PASS</font></b>]]>
    </line>
    <line>
      <![CDATA[CHECKING ADD CASE MANUALLY<b> <font color='blue' font size = 4> ==> PASS</font></b>]]>
    </line>
  </reporter-output>
  <suite started-at="2022-12-07T10:31:24 IST" name="Default suite" finished-at="2022-12-07T10:33:10 IST" duration-ms="106006">
    <groups>
      <group name="smoke">
        <method signature="AddCase.test19_checkAddCaseManually()[pri:0, instance:libra_Module.AddCase@3e11f9e9]" name="test19_checkAddCaseManually" class="libra_Module.AddCase"/>
      </group> <!-- smoke -->
      <group name="sanity">
        <method signature="AddCase.test0001_checkLogin()[pri:0, instance:libra_Module.AddCase@3e11f9e9]" name="test0001_checkLogin" class="libra_Module.AddCase"/>
      </group> <!-- sanity -->
    </groups>
    <test started-at="2022-12-07T10:31:24 IST" name="Default test" finished-at="2022-12-07T10:33:10 IST" duration-ms="106006">
      <class name="libra_Module.AddCase">
        <test-method is-config="true" signature="openbrowser()[pri:0, instance:libra_Module.AddCase@3e11f9e9]" started-at="2022-12-07T10:31:24 IST" name="openbrowser" finished-at="2022-12-07T10:31:26 IST" duration-ms="2237" status="PASS">
          <reporter-output>
          </reporter-output>
        </test-method> <!-- openbrowser -->
        <test-method is-config="true" signature="beforeMethod(java.lang.reflect.Method)[pri:0, instance:libra_Module.AddCase@3e11f9e9]" started-at="2022-12-07T10:31:26 IST" name="beforeMethod" finished-at="2022-12-07T10:31:28 IST" duration-ms="1411" status="PASS">
          <params>
            <param index="0">
              <value>
                <![CDATA[public void libra_Module.AddCase.test0001_checkLogin() throws java.lang.Exception]]>
              </value>
            </param>
          </params>
          <reporter-output>
          </reporter-output>
        </test-method> <!-- beforeMethod -->
        <test-method signature="test0001_checkLogin()[pri:0, instance:libra_Module.AddCase@3e11f9e9]" started-at="2022-12-07T10:31:28 IST" name="test0001_checkLogin" finished-at="2022-12-07T10:31:32 IST" duration-ms="4463" status="PASS">
          <reporter-output>
            <line>
              <![CDATA[CHECKING LOGIN WITH VALID EMAIL AND VAILD PASSWORD<b> <font color='blue' font size = 4> ==> PASS</font></b>]]>
            </line>
          </reporter-output>
        </test-method> <!-- test0001_checkLogin -->
        <test-method is-config="true" signature="beforeMethod(java.lang.reflect.Method)[pri:0, instance:libra_Module.AddCase@3e11f9e9]" started-at="2022-12-07T10:31:32 IST" name="beforeMethod" finished-at="2022-12-07T10:31:34 IST" duration-ms="1474" status="PASS">
          <params>
            <param index="0">
              <value>
                <![CDATA[public void libra_Module.AddCase.test19_checkAddCaseManually() throws java.lang.Exception]]>
              </value>
            </param>
          </params>
          <reporter-output>
          </reporter-output>
        </test-method> <!-- beforeMethod -->
        <test-method signature="test19_checkAddCaseManually()[pri:0, instance:libra_Module.AddCase@3e11f9e9]" started-at="2022-12-07T10:31:34 IST" name="test19_checkAddCaseManually" finished-at="2022-12-07T10:33:10 IST" duration-ms="96356" status="FAIL">
          <exception class="org.openqa.selenium.NoSuchElementException">
            <message>
              <![CDATA[no such element: Unable to locate element: {"method":"xpath","selector":"//*[@class='col-md-10']//ul/li[4]"}
  (Session info: chrome=108.0.5359.95)
For documentation on this error, please visit: https://selenium.dev/exceptions/#no_such_element
Build info: version: '4.4.0', revision: 'e5c75ed026a'
System info: host: 'DESKTOP-LHQEHTF', ip: '192.168.29.221', os.name: 'Windows 10', os.arch: 'amd64', os.version: '10.0', java.version: '17.0.3'
Driver info: org.openqa.selenium.chrome.ChromeDriver
Command: [91d724e237513e7fad5046783792c9b7, findElement {using=xpath, value=//*[@class='col-md-10']//ul/li[4]}]
Capabilities {acceptInsecureCerts: false, browserName: chrome, browserVersion: 108.0.5359.95, chrome: {chromedriverVersion: 108.0.5359.71 (1e0e3868ee06..., userDataDir: C:\Users\VAKILS~1\AppData\L...}, goog:chromeOptions: {debuggerAddress: localhost:58313}, networkConnectionEnabled: false, pageLoadStrategy: normal, platformName: WINDOWS, proxy: Proxy(), se:cdp: ws://localhost:58313/devtoo..., se:cdpVersion: 108.0.5359.95, setWindowRect: true, strictFileInteractability: false, timeouts: {implicit: 0, pageLoad: 300000, script: 30000}, unhandledPromptBehavior: dismiss and notify, webauthn:extension:credBlob: true, webauthn:extension:largeBlob: true, webauthn:virtualAuthenticators: true}
Session ID: 91d724e237513e7fad5046783792c9b7]]>
            </message>
            <full-stacktrace>
              <![CDATA[org.openqa.selenium.NoSuchElementException: no such element: Unable to locate element: {"method":"xpath","selector":"//*[@class='col-md-10']//ul/li[4]"}
  (Session info: chrome=108.0.5359.95)
For documentation on this error, please visit: https://selenium.dev/exceptions/#no_such_element
Build info: version: '4.4.0', revision: 'e5c75ed026a'
System info: host: 'DESKTOP-LHQEHTF', ip: '192.168.29.221', os.name: 'Windows 10', os.arch: 'amd64', os.version: '10.0', java.version: '17.0.3'
Driver info: org.openqa.selenium.chrome.ChromeDriver
Command: [91d724e237513e7fad5046783792c9b7, findElement {using=xpath, value=//*[@class='col-md-10']//ul/li[4]}]
Capabilities {acceptInsecureCerts: false, browserName: chrome, browserVersion: 108.0.5359.95, chrome: {chromedriverVersion: 108.0.5359.71 (1e0e3868ee06..., userDataDir: C:\Users\VAKILS~1\AppData\L...}, goog:chromeOptions: {debuggerAddress: localhost:58313}, networkConnectionEnabled: false, pageLoadStrategy: normal, platformName: WINDOWS, proxy: Proxy(), se:cdp: ws://localhost:58313/devtoo..., se:cdpVersion: 108.0.5359.95, setWindowRect: true, strictFileInteractability: false, timeouts: {implicit: 0, pageLoad: 300000, script: 30000}, unhandledPromptBehavior: dismiss and notify, webauthn:extension:credBlob: true, webauthn:extension:largeBlob: true, webauthn:virtualAuthenticators: true}
Session ID: 91d724e237513e7fad5046783792c9b7
at java.base/jdk.internal.reflect.NativeConstructorAccessorImpl.newInstance0(Native Method)
at java.base/jdk.internal.reflect.NativeConstructorAccessorImpl.newInstance(NativeConstructorAccessorImpl.java:77)
at java.base/jdk.internal.reflect.DelegatingConstructorAccessorImpl.newInstance(DelegatingConstructorAccessorImpl.java:45)
at java.base/java.lang.reflect.Constructor.newInstanceWithCaller(Constructor.java:499)
at java.base/java.lang.reflect.Constructor.newInstance(Constructor.java:480)
at org.openqa.selenium.remote.codec.w3c.W3CHttpResponseCodec.createException(W3CHttpResponseCodec.java:200)
at org.openqa.selenium.remote.codec.w3c.W3CHttpResponseCodec.decode(W3CHttpResponseCodec.java:133)
at org.openqa.selenium.remote.codec.w3c.W3CHttpResponseCodec.decode(W3CHttpResponseCodec.java:53)
at org.openqa.selenium.remote.HttpCommandExecutor.execute(HttpCommandExecutor.java:184)
at org.openqa.selenium.remote.service.DriverCommandExecutor.invokeExecute(DriverCommandExecutor.java:167)
at org.openqa.selenium.remote.service.DriverCommandExecutor.execute(DriverCommandExecutor.java:142)
at org.openqa.selenium.remote.RemoteWebDriver.execute(RemoteWebDriver.java:547)
at org.openqa.selenium.remote.ElementLocation$ElementFinder$2.findElement(ElementLocation.java:162)
at org.openqa.selenium.remote.ElementLocation.findElement(ElementLocation.java:60)
at org.openqa.selenium.remote.RemoteWebDriver.findElement(RemoteWebDriver.java:365)
at org.openqa.selenium.remote.RemoteWebDriver.findElement(RemoteWebDriver.java:357)
at selenium_module_Test.ComFun.stringComparion(ComFun.java:49)
at libra_Test.LibraComFun.CaseInnerPage(LibraComFun.java:585)
at libra_Test.AddCaseTest.AddCaseManually(AddCaseTest.java:685)
at libra_Module.AddCase.test19_checkAddCaseManually(AddCase.java:208)
at java.base/jdk.internal.reflect.NativeMethodAccessorImpl.invoke0(Native Method)
at java.base/jdk.internal.reflect.NativeMethodAccessorImpl.invoke(NativeMethodAccessorImpl.java:77)
at java.base/jdk.internal.reflect.DelegatingMethodAccessorImpl.invoke(DelegatingMethodAccessorImpl.java:43)
at java.base/java.lang.reflect.Method.invoke(Method.java:568)
at org.testng.internal.MethodInvocationHelper.invokeMethod(MethodInvocationHelper.java:133)
at org.testng.internal.TestInvoker.invokeMethod(TestInvoker.java:598)
at org.testng.internal.TestInvoker.invokeTestMethod(TestInvoker.java:173)
at org.testng.internal.MethodRunner.runInSequence(MethodRunner.java:46)
at org.testng.internal.TestInvoker$MethodInvocationAgent.invoke(TestInvoker.java:824)
at org.testng.internal.TestInvoker.invokeTestMethods(TestInvoker.java:146)
at org.testng.internal.TestMethodWorker.invokeTestMethods(TestMethodWorker.java:146)
at org.testng.internal.TestMethodWorker.run(TestMethodWorker.java:128)
at java.base/java.util.ArrayList.forEach(ArrayList.java:1511)
at org.testng.TestRunner.privateRun(TestRunner.java:794)
at org.testng.TestRunner.run(TestRunner.java:596)
at org.testng.SuiteRunner.runTest(SuiteRunner.java:377)
at org.testng.SuiteRunner.runSequentially(SuiteRunner.java:371)
at org.testng.SuiteRunner.privateRun(SuiteRunner.java:332)
at org.testng.SuiteRunner.run(SuiteRunner.java:276)
at org.testng.SuiteRunnerWorker.runSuite(SuiteRunnerWorker.java:53)
at org.testng.SuiteRunnerWorker.run(SuiteRunnerWorker.java:96)
at org.testng.TestNG.runSuitesSequentially(TestNG.java:1212)
at org.testng.TestNG.runSuitesLocally(TestNG.java:1134)
at org.testng.TestNG.runSuites(TestNG.java:1063)
at org.testng.TestNG.run(TestNG.java:1031)
at org.testng.remote.AbstractRemoteTestNG.run(AbstractRemoteTestNG.java:115)
at org.testng.remote.RemoteTestNG.initAndRun(RemoteTestNG.java:251)
at org.testng.remote.RemoteTestNG.main(RemoteTestNG.java:77)
]]>
            </full-stacktrace>
          </exception> <!-- org.openqa.selenium.NoSuchElementException -->
          <reporter-output>
            <line>
              <![CDATA[CHECKING ADD CASE MANUALLY<b> <font color='blue' font size = 4> ==> PASS</font></b>]]>
            </line>
          </reporter-output>
        </test-method> <!-- test19_checkAddCaseManually -->
      </class> <!-- libra_Module.AddCase -->
    </test> <!-- Default test -->
  </suite> <!-- Default suite -->
</testng-results>
