<?xml version="1.0" encoding="UTF-8"?>
<testng-results ignored="0" total="2" passed="2" failed="0" skipped="0">
  <reporter-output>
    <line>
      <![CDATA[CHECKING LOGIN WITH VALID EMAIL AND VAILD PASSWORD<b> <font color='blue' font size = 4> ==> PASS</font></b>]]>
    </line>
    <line>
      <![CDATA[CHECKING ADD CASE MANUALLY<b> <font color='blue' font size = 4> ==> PASS</font></b>]]>
    </line>
  </reporter-output>
  <suite started-at="2022-12-01T16:12:32 IST" name="Default suite" finished-at="2022-12-01T16:13:31 IST" duration-ms="58743">
    <groups>
      <group name="smoke">
        <method signature="AddCase.test19_checkAddCaseManually()[pri:0, instance:libra_Module.AddCase@6404f418]" name="test19_checkAddCaseManually" class="libra_Module.AddCase"/>
      </group> <!-- smoke -->
      <group name="sanity">
        <method signature="AddCase.test0001_checkLogin()[pri:0, instance:libra_Module.AddCase@6404f418]" name="test0001_checkLogin" class="libra_Module.AddCase"/>
      </group> <!-- sanity -->
    </groups>
    <test started-at="2022-12-01T16:12:32 IST" name="Default test" finished-at="2022-12-01T16:13:31 IST" duration-ms="58743">
      <class name="libra_Module.AddCase">
        <test-method is-config="true" signature="openbrowser()[pri:0, instance:libra_Module.AddCase@6404f418]" started-at="2022-12-01T16:12:32 IST" name="openbrowser" finished-at="2022-12-01T16:12:34 IST" duration-ms="1733" status="PASS">
          <reporter-output>
          </reporter-output>
        </test-method> <!-- openbrowser -->
        <test-method is-config="true" signature="beforeMethod(java.lang.reflect.Method)[pri:0, instance:libra_Module.AddCase@6404f418]" started-at="2022-12-01T16:12:34 IST" name="beforeMethod" finished-at="2022-12-01T16:12:35 IST" duration-ms="1701" status="PASS">
          <params>
            <param index="0">
              <value>
                <![CDATA[public void libra_Module.AddCase.test0001_checkLogin() throws java.lang.Exception]]>
              </value>
            </param>
          </params>
          <reporter-output>
          </reporter-output>
        </test-method> <!-- beforeMethod -->
        <test-method signature="test0001_checkLogin()[pri:0, instance:libra_Module.AddCase@6404f418]" started-at="2022-12-01T16:12:35 IST" name="test0001_checkLogin" finished-at="2022-12-01T16:12:40 IST" duration-ms="4215" status="PASS">
          <reporter-output>
            <line>
              <![CDATA[CHECKING LOGIN WITH VALID EMAIL AND VAILD PASSWORD<b> <font color='blue' font size = 4> ==> PASS</font></b>]]>
            </line>
          </reporter-output>
        </test-method> <!-- test0001_checkLogin -->
        <test-method is-config="true" signature="beforeMethod(java.lang.reflect.Method)[pri:0, instance:libra_Module.AddCase@6404f418]" started-at="2022-12-01T16:12:40 IST" name="beforeMethod" finished-at="2022-12-01T16:12:41 IST" duration-ms="1141" status="PASS">
          <params>
            <param index="0">
              <value>
                <![CDATA[public void libra_Module.AddCase.test19_checkAddCaseManually() throws java.lang.Exception]]>
              </value>
            </param>
          </params>
          <reporter-output>
          </reporter-output>
        </test-method> <!-- beforeMethod -->
        <test-method signature="test19_checkAddCaseManually()[pri:0, instance:libra_Module.AddCase@6404f418]" started-at="2022-12-01T16:12:41 IST" name="test19_checkAddCaseManually" finished-at="2022-12-01T16:13:31 IST" duration-ms="49922" status="PASS">
          <reporter-output>
            <line>
              <![CDATA[CHECKING ADD CASE MANUALLY<b> <font color='blue' font size = 4> ==> PASS</font></b>]]>
            </line>
          </reporter-output>
        </test-method> <!-- test19_checkAddCaseManually -->
      </class> <!-- libra_Module.AddCase -->
    </test> <!-- Default test -->
  </suite> <!-- Default suite -->
</testng-results>
