<?xml version="1.0" encoding="UTF-8"?>
<testng-results ignored="0" total="2" passed="2" failed="0" skipped="0">
  <reporter-output>
    <line>
      <![CDATA[CHECKING LOGIN WITH VALID EMAIL AND VAILD PASSWORD<b> <font color='blue' font size = 4> ==> PASS</font></b>]]>
    </line>
    <line>
      <![CDATA[CHECKING ADD CASE SUPREME COURT CASE TYPE NULL<b> <font color='blue' font size = 4> ==> PASS</font></b>]]>
    </line>
  </reporter-output>
  <suite started-at="2022-11-17T10:00:00 IST" name="Default suite" finished-at="2022-11-17T10:00:08 IST" duration-ms="8425">
    <groups>
      <group name="sanity">
        <method signature="AddCase.test0001_checkLogin()[pri:0, instance:libra_Module.AddCase@57cf54e1]" name="test0001_checkLogin" class="libra_Module.AddCase"/>
        <method signature="AddCase.test03_checkAddCaseSupCaseTypeNull()[pri:0, instance:libra_Module.AddCase@57cf54e1]" name="test03_checkAddCaseSupCaseTypeNull" class="libra_Module.AddCase"/>
      </group> <!-- sanity -->
    </groups>
    <test started-at="2022-11-17T10:00:00 IST" name="Default test" finished-at="2022-11-17T10:00:08 IST" duration-ms="8425">
      <class name="libra_Module.AddCase">
        <test-method is-config="true" signature="openbrowser()[pri:0, instance:libra_Module.AddCase@57cf54e1]" started-at="2022-11-17T10:00:00 IST" name="openbrowser" finished-at="2022-11-17T10:00:01 IST" duration-ms="1806" status="PASS">
          <reporter-output>
          </reporter-output>
        </test-method> <!-- openbrowser -->
        <test-method is-config="true" signature="beforeMethod(java.lang.reflect.Method)[pri:0, instance:libra_Module.AddCase@57cf54e1]" started-at="2022-11-17T10:00:01 IST" name="beforeMethod" finished-at="2022-11-17T10:00:02 IST" duration-ms="1110" status="PASS">
          <params>
            <param index="0">
              <value>
                <![CDATA[public void libra_Module.AddCase.test0001_checkLogin() throws java.lang.Exception]]>
              </value>
            </param>
          </params>
          <reporter-output>
          </reporter-output>
        </test-method> <!-- beforeMethod -->
        <test-method signature="test0001_checkLogin()[pri:0, instance:libra_Module.AddCase@57cf54e1]" started-at="2022-11-17T10:00:02 IST" name="test0001_checkLogin" finished-at="2022-11-17T10:00:06 IST" duration-ms="3190" status="PASS">
          <reporter-output>
            <line>
              <![CDATA[CHECKING LOGIN WITH VALID EMAIL AND VAILD PASSWORD<b> <font color='blue' font size = 4> ==> PASS</font></b>]]>
            </line>
          </reporter-output>
        </test-method> <!-- test0001_checkLogin -->
        <test-method is-config="true" signature="beforeMethod(java.lang.reflect.Method)[pri:0, instance:libra_Module.AddCase@57cf54e1]" started-at="2022-11-17T10:00:06 IST" name="beforeMethod" finished-at="2022-11-17T10:00:07 IST" duration-ms="1083" status="PASS">
          <params>
            <param index="0">
              <value>
                <![CDATA[public void libra_Module.AddCase.test03_checkAddCaseSupCaseTypeNull() throws java.lang.Exception]]>
              </value>
            </param>
          </params>
          <reporter-output>
          </reporter-output>
        </test-method> <!-- beforeMethod -->
        <test-method signature="test03_checkAddCaseSupCaseTypeNull()[pri:0, instance:libra_Module.AddCase@57cf54e1]" started-at="2022-11-17T10:00:07 IST" name="test03_checkAddCaseSupCaseTypeNull" finished-at="2022-11-17T10:00:08 IST" duration-ms="1206" status="PASS">
          <reporter-output>
            <line>
              <![CDATA[CHECKING ADD CASE SUPREME COURT CASE TYPE NULL<b> <font color='blue' font size = 4> ==> PASS</font></b>]]>
            </line>
          </reporter-output>
        </test-method> <!-- test03_checkAddCaseSupCaseTypeNull -->
      </class> <!-- libra_Module.AddCase -->
    </test> <!-- Default test -->
  </suite> <!-- Default suite -->
</testng-results>
